[2026-03-24T10:52:01.201817800] MESSAGE: DEP for ID 1: ₹300.0
[2026-03-24T11:19:01.385667700] MESSAGE: DEP for ID 1: ₹2000.0
[2026-03-24T11:19:21.513692200] MESSAGE: DEP for ID 1: ₹6700.0
[2026-03-24T11:19:40.781462] MESSAGE: WITH for ID 1: ₹1000.56
[2026-03-24T13:13:18.586754500] MESSAGE: DEP for ID 1: ₹2000.0
[2026-03-25T23:35:45.435663800] MESSAGE: DEP for ID 1: ₹2000.0
[2026-03-25T23:36:08.543875] MESSAGE: WITH for ID 1: ₹5060.0
[2026-03-25T23:38:10.550181] MESSAGE: SUCCESS: Deposit to ID 1 | Amount: ₹2000.0
[2026-03-25T23:38:22.566618200] MESSAGE: SUCCESS: Transfer | From: 1 To: 2 | Amt: ₹2000.0
[2026-03-25T23:39:01.395324900] MESSAGE: SUCCESS: Transfer | From: 1 To: 2 | Amt: ₹4000.0
[2026-03-25T23:56:35.788938300] MESSAGE: DEPOSIT: Admin User (ID: 101) Amt: ₹222.0
[2026-03-26T00:00:33.992509300] MESSAGE: DEPOSIT: Aman rawat (ID: 102) Amt: ₹2000.0
[2026-03-26T00:00:47.726166700] MESSAGE: TRANSFER: From Aman rawat to Admin User | Amt: ₹400.0
[2026-03-26T00:01:01.214262800] MESSAGE: WITHDRAW: Aman rawat (ID: 102) Amt: ₹300.0
[2026-03-26T00:03:05.046105200] MESSAGE: DEPOSIT: gfdfhjfjhg (ID: 103) Amt: ₹5000.0
[2026-03-26T00:03:32.960056100] MESSAGE: TRANSFER: From gfdfhjfjhg to Aman rawat | Amt: ₹700.0
[2026-03-26T00:03:46.827917400] MESSAGE: WITHDRAW: gfdfhjfjhg (ID: 103) Amt: ₹700.0
[2026-03-26T00:06:55.415779] MESSAGE: DEPOSIT: amit (ID: 104) Amt: ₹5000.0
[2026-03-26T00:07:18.041139] MESSAGE: TRANSFER: From amit to gfdfhjfjhg | Amt: ₹400.0
[2026-03-28T20:01:02.340716900] MESSAGE: DEPOSIT: Admin User (ID: 101) Amt: ₹2000.0
[2026-03-28T20:14:25.395387400] MESSAGE: DEPOSIT: hp (ID: 222) Amt: ₹2000.0
[2026-03-28T20:14:40.904059100] MESSAGE: WITHDRAW: hp (ID: 222) Amt: ₹200.0
222 | DEPOSIT: hp (ID: 222) Amt: ₹2000.0 | [2026-03-28T20:32:40.850214900]
222 | TRANSFER: Sent to Admin User (ID: 101) | Amt: ₹200.0 | [2026-03-28T20:35:43.646557900]
101 | TRANSFER: Received from hp (ID: 222) | Amt: ₹200.0 | [2026-03-28T20:35:43.648559100]
13 | DEPOSIT: amit (ID: 13) Amt: ₹2000.0 | [2026-03-28T20:38:16.773183600]
102 | DEPOSIT: rahul (ID: 102) Amt: ₹2000.0 | [2026-04-05T11:01:38.686226]
102 | DEPOSIT: rahul (ID: 102) Amt: ₹2000.0 | [2026-04-05T11:03:32.314466200]
102 | DEPOSIT: rahul (ID: 102) Amt: ₹2000.0 | [2026-04-05T11:10:48.941227600]
102 | WITHDRAW: rahul (ID: 102) Amt: ₹200.0 | [2026-04-05T11:15:02.412435200]
102 | DEPOSIT: amit (ID: 102) Amt: ₹2000.0 | [2026-04-05T11:28:25.499506700]
102 | DEPOSIT: amit (ID: 102) Amt: ₹200.0 | [2026-04-05T11:29:56.346952900]
102 | DEPOSIT: abc (ID: 102) Amt: ₹200.0 | [2026-04-05T11:36:53.284207400]
102 | DEPOSIT: abc (ID: 102) Amt: ₹2000.0 | [2026-04-05T11:39:24.043368800]
102 | TRANSFER: Sent to Admin User (ID: 101) | Amt: ₹500.0 | [2026-04-05T11:39:58.263925200]
101 | TRANSFER: Received from abc (ID: 102) | Amt: ₹500.0 | [2026-04-05T11:39:58.267337400]
101 | DEPOSIT: Aman (ID: 101) Amt: ₹2000.0 | [2026-04-08T21:38:04.159884500]
909 | DEPOSIT: HP (ID: 909) Amt: ₹200.0 | [2026-04-08T21:39:45.968915400]
104 | DEPOSIT: Rohan (ID: 104) Amt: ₹12.0 | [2026-04-08T21:44:38.866476600]
101 | FAILED_TRANSFER: Aman had insufficient funds for ₹8000.0 | [2026-04-09T19:28:09.166044200]
101 | FAILED_WITHDRAW: Aman - Low Balance for ₹8000.0 | [2026-04-09T19:28:29.031528900]
101 | TRANSFER: Sent to Yatharth (ID: 102) | Amt: ₹800.0 | [2026-04-09T19:29:12.561460100]
102 | TRANSFER: Received from Aman (ID: 101) | Amt: ₹800.0 | [2026-04-09T19:29:12.563962100]
101 | WITHDRAW: Aman (ID: 101) Amt: ₹800.0 | [2026-04-09T20:23:28.034638300]
101 | FAILED_WITHDRAW: Aman - Low Balance for ₹-100.0 | [2026-04-09T21:00:33.472415500]
101 | FAILED_WITHDRAW: Aman - Low Balance for ₹-1.0 | [2026-04-09T21:00:49.368065100]
101 | DEPOSIT: Aman (ID: 101) Amt: ₹456.0 | [2026-04-10T11:56:57.578293400]

101 | TRANSFER_OUT: ₹100.0 to ID: 103 | [2026-04-10T12:34:11.935644400]
103 | TRANSFER_IN: ₹100.0 from ID: 101 | [2026-04-10T12:34:11.952744600]
105 | DEPOSIT: ₹1000.0 | New Balance: ₹2209.0 | [2026-04-10T13:43:01.577160]
105 | TRANSFER_OUT: ₹200.0 to ID: 103 | [2026-04-10T13:43:44.830289800]
103 | TRANSFER_IN: ₹200.0 from ID: 105 | [2026-04-10T13:43:44.832287400]
106 | DEPOSIT: ₹2000.0 | New Balance: ₹3000.0 | [2026-04-10T13:45:27.300503100]
106 | DEPOSIT: ₹200.0 | New Balance: ₹3200.0 | [2026-04-10T14:32:37.793281400]
101 | TRANSFER_OUT: ₹200.0 to ID: 105 | [2026-04-10T14:58:30.136346700]
105 | TRANSFER_IN: ₹200.0 from ID: 101 | [2026-04-10T14:58:30.143735600]
101 | TRANSFER_OUT: ₹2000.0 to ID: 104 | [2026-04-10T15:48:48.349082100]
104 | TRANSFER_IN: ₹2000.0 from ID: 101 | [2026-04-10T15:48:48.365349300]
101 | DEPOSIT: ₹100.0 | New Balance: ₹1100.0 | [2026-04-24T21:40:25.198106300]
102 | DEPOSIT: ₹10000.0 | New Balance: ₹22800.5 | [2026-04-24T22:39:48.273856700]
102 | DEPOSIT: ₹20.0 | New Balance: ₹22820.5 | [2026-04-24T22:39:58.588650700]
102 | DEPOSIT: ₹10000.0 | New Balance: ₹32820.5 | [2026-04-24T22:45:55.308029]
102 | DEPOSIT: ₹1.0 | New Balance: ₹32821.5 | [2026-04-24T22:46:10.644129300]
102 | DEPOSIT: ₹1.0 | New Balance: ₹12801.5 | [2026-04-24T22:50:07.851696200]
102 | FAILED_DEPOSIT: Daily Limit Exceeded for ₹20000.0 | [2026-04-24T22:50:21.249294600]
102 | DEPOSIT: ₹19999.0 | New Balance: ₹32800.5 | [2026-04-24T22:50:34.957019400]
102 | FAILED_DEPOSIT: Daily Limit Exceeded for ₹1.0 | [2026-04-24T22:50:43.019759500]
909 | DEPOSIT: ₹100.0 | New Balance: ₹1300.0 | [2026-04-24T23:01:11.949815200]
909 | DEPOSIT: ₹10000.0 | New Balance: ₹11300.0 | [2026-04-24T23:02:23.503053100]
102 | DEPOSIT: ₹200.0 | New Balance: ₹13000.5 | [2026-04-24T23:31:32.079013200]
909 | FAILED_WITHDRAW: Low Balance for ₹2000.0 | [2026-04-25T20:36:01.475537300]
202 | WITHDRAW: ₹2000.0 | New Balance: ₹-1000.0 | [2026-04-25T20:40:12.678082500]
202 | DEPOSIT: ₹2000.0 | New Balance: ₹1000.0 | [2026-04-25T20:40:36.840826100]
202 | WITHDRAW: ₹2000.0 | New Balance: ₹-1000.0 | [2026-04-25T20:42:46.558448400]
202 | DEPOSIT: ₹2000.0 | New Balance: ₹1000.0 | [2026-04-25T20:43:02.909003700]
